[[10.66666666666666666666666666666666666664, 
   4.66666666666666666666666666666666666664, 
   2.47916666666666666666666666666666666664, 
   1.17708333333333333333333333333333333332, 
   0.60807291666666666666666666666666666664, 
   0.30013020833333333333333333333333333332, 
   0.15128580729166666666666666666666666664, 
   0.07539876302083333333333333333333333332, 
   0.03777567545572916666666666666666666664, 
   0.01887257893880208333333333333333333332, 
   0.00944105784098307291666666666666666664, 
   0.00471957524617513020833333333333333332, 
   0.00236008564631144205729166666666666664, 
   0.00117998321851094563802083333333333332, 
   0.00059001023570696512858072916666666664, 
   0.00029500139256318410237630208333333332, 
   0.00014750186043481032053629557291666664, 
   0.00007375069738676150639851888020833332, 
   0.00003687542145295689503351847330729164, 
   0.00001843769617456321914990743001302082, 
   9.2188526347551184395949045817057, 
   4.60942540788285744686921437581379, 
   2.30471298815852302747468153635658, 
   1.15235643723584265292932589848835, 
   5.7617823638148972046716759602226, 
   2.8808911463803118143308286865551, 
   1.4404455842923861534169797475137, 
   7.202227899257470274581767929096, 
   3.601113956567629041198112342194, 
   1.800556976896035739817610495568, 
   9.00278488881698738903007021385, 
   4.50139244354113195652663155972, 
   2.25069622204161652138469188834, 
   1.12534811096659815206807072247, 
   5.62674055500239734979121368, 
   2.8133702774673173570054348265, 
   1.4066851387442465903433961673, 
   7.033425693700057128035623328, 
   3.516712846856646008918235883, 
   1.758356423426999515479033098, 
   8.79178211713913348045793061, 
   4.39589105856873955961641228, 
   2.19794552928462827374962894, 
   1.09897276464226243808652991, 
   5.4948638232114737491460386, 
   2.7474319116057045628303415, 
   1.3737159558028623788347574, 
   6.868579779014291699334613, 
   3.434289889507152160554546, 
   1.717144944753574818099825], [29.48950477770137212861671066005431330473, 
   11.40996163565823008547466751801117126177, 
   5.43295114614774057498515702850068175136, 
   2.7976797289684286588311356113213698351, 
   1.41667936932621651081403403384827533417, 
   0.70104917111673684574226369892004566921, 
   0.35253166140714628705631027612451761052, 
   0.20268358671165948219450541431965580561, 
   0.08999997261660739886117208098632247225, 
   0.04186825109388620909337337355913207309, 
   0.02442732571661430090715854671930523336, 
   0.01077490477960276197453807113007964391, 
   0.00541318356620057031623302386593311495, 
   0.00324214555292270031839232290023214935, 
   0.00131638045081438071796914581689881607, 
   0.0007301602969405503491827604899861454, 
   0.00039724810080090659825922393336243059, 
   0.00018090699850510863259558431397374825, 
   0.00008798842455367020675674618384724234, 
   0.00004819481105806367503570176515633113, 
   0.00002122139482124291564785886603101599, 
   0.00001019832055366668615778572450866478, 
   5.82303788684398369187751115710228, 
   2.90546325093522277133442010628502, 
   1.29062068976185478689314135692963, 
   7.1102680284834729951917427212958, 
   3.1531598880351377883562614113149, 
   1.6105434159801784004735965458826, 
   9.856138539894317582112750113727, 
   4.462634737523244854776388198707, 
   2.064267876413950204933526377111, 
   1.181105157631240773896835421488, 
   5.31826924157288137006075005347, 
   2.72669630097330200072393516842, 
   1.4216183939855640783858642867, 
   6.9252754703740435849740091763, 
   3.2874274197547053469379754405, 
   1.8508419265127484591603980212, 
   8.489765202228367125495635959, 
   4.317615156170624798694838282, 
   2.188360056198774367710489141, 
   9.52819347154717117442755115, 
   5.0531293403977382003979393, 
   2.85537015604633234672396069, 
   1.19135879629254288066135414, 
   6.0369700253890759489353174, 
   3.6426008489173398710601528, 
   1.7470269158225775704346911, 
   8.133403855388397248890543, 
   4.609816367093620166374225], [64.00328442638230677958147841129069810706, 
   23.46944177816761169023167892129811054505, 
   12.00037128091332292921730768410502891636, 
   6.3651042026127152897914660825467494474, 
   3.07448403145394856653157639417408830531, 
   1.59484033371151786748589744067096548162, 
   0.82766259676608500773920783073218634678, 
   0.46396447007253308983227439599221159098, 
   0.21430999972805044032082087123922404744, 
   0.10118550725872206504383217962799260189, 
   0.05384662162634352807923401318549840428, 
   0.02520484849343578093386484183480139636, 
   0.01298358946416007378811331522192287862, 
   0.00707119077034480147778321663868957337, 
   0.00313047600804244563787514993898804744, 
   0.00158610777858603560378060445744298833, 
   0.00091388263697387607108464231165802038, 
   0.00042280760749655187576055389788410048, 
   0.00021001377137830591664323118338825086, 
   0.0001146503822939702457745493744051412, 
   0.0000505617251356827328460207692407258, 
   0.00002497931079719879724323177283906733, 
   0.00001340959727046159532707845319629509, 
   6.81504800268841960174232398201107, 
   3.07500313929005748086361560544003, 
   1.57274173171508500953857207879612, 
   7.8710735700758667270768229127162, 
   3.8960204392704332981032792364166, 
   2.1111944784629814565706960138706, 
   9.466351082268880703801191036429, 
   4.527932747982256676412294089958, 
   2.514849675317128283396349608394, 
   1.299844826525356726634514249567, 
   6.71077923054390029095905146795, 
   3.11985788499785982970877471388, 
   1.58747389921643010997801439679, 
   7.4734678499555916426972834721, 
   4.2681935691305223057294180781, 
   2.0365897854504756809715828929, 
   1.0134483853430649670584344241, 
   5.064423728518864417433065179, 
   2.309970410336495591789293112, 
   1.253214456078434918545345343, 
   6.61381039557453087070252965, 
   2.7723974030497538612456085, 
   1.39804627098786806137469863, 
   8.1194149694278018905670576, 
   4.0291380254817587664474448, 
   1.8380689006015552828809237, 
   9.256648408639470431453817], [130.07307010943387860715756828790533548733, 
   47.29464374043093091830642740556307366665, 
   25.93563481256528931300020944615422296305, 
   13.61185783801685906139623542689350384529, 
   6.82846840428810800484988939601937289595, 
   3.46584401251859252047740243102333846763, 
   1.76984671406146447610714649958984700492, 
   0.92351121793945299725960734040127282836, 
   0.44689578024463238084936496845691827394, 
   0.22832602672028929877882675839362414907, 
   0.1164846617789872842695050692850171604, 
   0.05445760550094023381901173792591283151, 
   0.02840322616169247138000061617949331267, 
   0.01533308146093830048259299383261118951, 
   0.00741089718480967657206971687610085034, 
   0.00358721550624492785061400890063511786, 
   0.00187109010588839193110478498806702805, 
   0.00088936706137918140921534220332885555, 
   0.00045954886073747063451592782832841733, 
   0.00023872082063362443493785066160751639, 
   0.00011033317893112021580489673230267461, 
   0.00005658156803516900724777427283425743, 
   0.00002902402253647102142776366357266375, 
   0.00001473544908066986285640391862705848, 
   6.78797609316699487150542148342482, 
   3.47605201686067126128970650485231, 
   1.75930242063516391317806621817851, 
   9.0322934672313843297002373052571, 
   4.5343104205266901203029991196132, 
   2.1648116161645574322773678681031, 
   1.0909715622460783828381447162942, 
   5.623314950709883974005858971997, 
   2.936593783388242120010707911084, 
   1.460102108016436010789083095479, 
   7.10480777022920804322054054961, 
   3.59453379494575645740504473317, 
   1.66979776785515447384113858488, 
   8.9482409676777162973929118368, 
   4.3805139373637254046110989486, 
   2.2122631111584246841424478911, 
   1.0885868428689606019237565304, 
   5.204877408055107121037838276, 
   2.784232619631671163656068782, 
   1.482984319975743471074492599, 
   6.46802778745896745491520318, 
   3.30734329339681108457899597, 
   1.79908272500533497581834234, 
   8.986740817202572292513477, 
   4.1465485114450850069156544, 
   2.0652802217868613558503236], [259.20267182347027876429008487106538637953, 
   94.27696897143444856467963084837537683034, 
   54.54988725250595336604173893308383538444, 
   28.46565925149863873011332347533534216525, 
   14.56716907448621926175670085883608432575, 
   7.39613557361651989443926178581524920713, 
   3.75179525207415429643264139345898633286, 
   1.9128673040145575750493527893475736609, 
   0.93223780060580904746626734863442686108, 
   0.4768940248751362599607276199055313108, 
   0.23846844554564236321815294374180772777, 
   0.11767064418376780911540000771081198258, 
   0.05964774040082834843665934911669636721, 
   0.03113892002054162800947993840873267809, 
   0.01560624678238142877350164583377639437, 
   0.00754558426379857424507589875591238255, 
   0.0038952910085483735897253216097080281, 
   0.00191231055640218138905351175662261513, 
   0.0009731428518813259477927149643363407, 
   0.00049110083406180876836284285054574741, 
   0.0002334046662677894204496876599866545, 
   0.00011882636324285214225593102673458534, 
   0.00006045969965343745129426748209592739, 
   0.00003056034950415762849578453460968289, 
   0.00001445352520961730972740917803691774, 
   7.27606030269551695716890020510332, 
   3.64566596098137340996557227180507, 
   1.89752503649189934514048667895275, 
   9.5500744497056725497023334846253, 
   4.5938632456974736611186501589856, 
   2.3315935897197517815422699398444, 
   1.1983184347557884825137575930282, 
   6.090358977404523521510283283948, 
   3.017931311862247176178950931249, 
   1.490645028915272111556252406401, 
   7.48398713661771539943788774284, 
   3.5430426046221899652920982201, 
   1.8388991838655336716401583474, 
   9.2810943467973822055179323787, 
   4.6580872487387596507085898621, 
   2.2429755610183487172154595872, 
   1.1182077661999636711537198336, 
   5.870910584208696452717872203, 
   3.031904232183896052215646784, 
   1.393158135946751323172814458, 
   7.17350343274027450230971868, 
   3.69133975687558045234454211, 
   1.84613317447786150749046998, 
   8.9398647280331364342876197, 
   4.3976727731960277777660491], [514.54440127873186815860020015312615350953, 
   187.99374531619600176121777745768879832628, 
   112.56886947893328724676561895287613566508, 
   58.66195319154965811789855979408428649179, 
   30.26955320806802696364340151906381039077, 
   15.41844520658426633281249454465362544256, 
   7.8029804000076178475339893587843851805, 
   3.94877859468019693981122852579293202386, 
   1.95526393031876463984170334875738403433, 
   0.98995698692873886927531032746159681919, 
   0.49416073398635967017258114062102500766, 
   0.24529481622372053587531979384113668036, 
   0.12359695940391202771601845556074238285, 
   0.06323599801113533278868685817485521689, 
   0.03164294934212927072147603956549523567, 
   0.01558400393374778273969563687139773427, 
   0.00791333162687218000804531091801858105, 
   0.00391684180287019288394028190275036838, 
   0.0019781555879535655807777421640086272, 
   0.00099846593806697383401654833117803833, 
   0.00048613925458710242144782115092302564, 
   0.0002445196247659081647906474959170505, 
   0.00012309642663603748555307390553860622, 
   0.00006250912009651842787071791479326907, 
   0.00003006532124214953826052260470019296, 
   0.00001520352013017162553941498426339942, 
   7.61228038601564399783406351634989, 
   3.90608798429331822069724006972854, 
   1.95314700876528049469946334720222, 
   9.5591436312460218065863027651129, 
   4.8053730836237054114092675320094, 
   2.4493551454525608328296734239592, 
   1.2398460541808522174945553270253, 
   6.067560725450881862548446398449, 
   3.038453641442461168794009125109, 
   1.526885260240541391022102400029, 
   7.35539561202541923511040383955, 
   3.75399922821412057309330897209, 
   1.88831834882816757201103869976, 
   9.5153577217971756061923393366, 
   4.6414544990843280455448344463, 
   2.3257852319174981812199874952, 
   1.188775505951559988069040875, 
   6.069912319996679089299371885, 
   2.887219952819577515514773045, 
   1.476131934800582510213766608, 
   7.43097462832941131500137862, 
   3.73039375773443565546937359, 
   1.83278554134611005475077152, 
   9.0790721246165795338902632], [1022.16148051879972743465383733420854758, 
   374.98305637724196493441533986961294741238, 
   229.4248043477622515633930928129224037832, 
   119.55297239220033440337074969073545265128, 
   61.9460961079540104526733064816432388838, 
   31.60031322723858039240539245399605673553, 
   15.98410147613241901597563784784397167124, 
   8.06142028142489990686505917334338109035, 
   4.01249438510245406697296343165533801, 
   2.02082796994573942889504758116558754005, 
   1.01125168733520724537227390930342957617, 
   0.50397903170532614742484046460518891022, 
   0.25218644941599172415338850640333634833, 
   0.12765110806476779902375403132833547322, 
   0.06373854373488439044845211058441074378, 
   0.03177124847068612215892737483470285144, 
   0.01609103943699125693843698451516646572, 
   0.00796898068116569457728690186112472234, 
   0.00400996320949031482918705701546180954, 
   0.00200759645372959610853694265941398394, 
   0.00099207916519352361217834604507441525, 
   0.000496893577396860309396274937267929, 
   0.0002500366865477589824580113540212932, 
   0.00012600908341409661307573743609998057, 
   0.00006180076165614051401544318454625631, 
   0.00003100087686004088754910924107567333, 
   0.00001552873782486046397616100879560992, 
   7.85372503213337061776273285664006, 
   3.92697023760759913048339944645369, 
   1.9423212692126664084520218691928, 
   9.7844200672522155160823153244785, 
   4.9406525212035637310808826475454, 
   2.4794866022544023646085696604583, 
   1.2208234373157780091857007141632, 
   6.118543526641171239633453441681, 
   3.07090554122886199198596992315, 
   1.511198269234051211777595196726, 
   7.6501445423358261743345839206, 
   3.84089759797626518040594336308, 
   1.92731262132595481763150287749, 
   9.4559215157001056971388969823, 
   4.7442041712263994521212415197, 
   2.3952702146631772276087125898, 
   1.2117033607700341941232516501, 
   5.923885800939487323501670433, 
   2.983605105933178463912939684, 
   1.49720706191717858125263846, 
   7.50421969757109483396075939, 
   3.72961189077170165516759854, 
   1.85129577859781426569175432]]
